
RAxML-NG v. 1.2.0 released on 09.05.2023 by The Exelixis Lab.
Developed by: Alexey M. Kozlov and Alexandros Stamatakis.
Contributors: Diego Darriba, Tomas Flouri, Benoit Morel, Sarah Lutteropp, Ben Bettisworth, Julia Haag, Anastasis Togkousidis.
Latest version: https://github.com/amkozlov/raxml-ng
Questions/problems/suggestions? Please visit: https://groups.google.com/forum/#!forum/raxml

System: 13th Gen Intel(R) Core(TM) i7-1355U, 10 cores, 31 GB RAM

RAxML-NG was called at 21-Jun-2024 15:50:28 as follows:

./raxml-ng --evaluate --msa msa/animal.phy --tree temp/generate.raxml.bestTree --model GTR+G --prefix temp/evaluate --seed 2 --threads auto --redo

Analysis options:
  run mode: Evaluate tree likelihood
  start tree(s): user
  random seed: 2
  tip-inner: OFF
  pattern compression: ON
  per-rate scalers: OFF
  site repeats: ON
  logLH epsilon: general: 10.000000, brlen-triplet: 1000.000000
  branch lengths: proportional (ML estimate, algorithm: NR-FAST)
  SIMD kernels: AVX2
  parallelization: coarse-grained (auto), PTHREADS (auto)

WARNING: Running in REDO mode: existing checkpoints are ignored, and all result files will be overwritten!

[00:00:00] Reading alignment from file: msa/animal.phy
[00:00:00] Loaded alignment with 7 taxa and 28 sites

Alignment comprises 1 partitions and 17 patterns

Partition 0: noname
Model: GTR+FO+G4m
Alignment sites / patterns: 28 / 17
Gaps: 0.00 %
Invariant sites: 42.86 %


NOTE: Binary MSA file created: temp/evaluate.raxml.rba

Parallelization scheme autoconfig: 1 worker(s) x 1 thread(s)

[00:00:00] Loading user starting tree(s) from: temp/generate.raxml.bestTree
Parallel reduction/worker buffer size: 1 KB  / 0 KB

[00:00:00] Data distribution: max. partitions/sites/weight per thread: 1 / 17 / 272
[00:00:00] Data distribution: max. searches per worker: 1

Evaluating 1 trees

[00:00:00] Tree #1, initial LogLikelihood: -104.886423

[00:00:00 -104.886423] Initial branch length optimization
[00:00:00 -104.732088] Model parameter optimization (eps = 10.000000)

[00:00:00] Tree #1, final logLikelihood: -99.260392


Optimized model parameters:

   Partition 0: noname
   Rate heterogeneity: GAMMA (4 cats, mean),  alpha: 99.817535 (ML),  weights&rates: (0.250000,0.875795) (0.250000,0.964704) (0.250000,1.029573) (0.250000,1.129927) 
   Base frequencies (ML): 0.277155 0.280772 0.210157 0.231916 
   Substitution rates (ML): 10.104852 22.277446 40.820195 0.694485 33.879168 1.000000 


Final LogLikelihood: -99.260392

AIC score: 238.520785 / AICc score: 358.520785 / BIC score: 265.164875
Free parameters (model + branch lengths): 20

WARNING: Best ML tree contains 1 near-zero branches!

Best ML tree with collapsed near-zero branches saved to: /home/haeusele/PhD/VizRax/temp/evaluate.raxml.bestTreeCollapsed
Best ML tree saved to: /home/haeusele/PhD/VizRax/temp/evaluate.raxml.bestTree
Optimized model saved to: /home/haeusele/PhD/VizRax/temp/evaluate.raxml.bestModel

Execution log saved to: /home/haeusele/PhD/VizRax/temp/evaluate.raxml.log

Analysis started: 21-Jun-2024 15:50:28 / finished: 21-Jun-2024 15:50:28

Elapsed time: 0.005 seconds

